<?xml version="1.0" encoding="UTF-8"?>
<!-- Generated by org.testng.reporters.JUnitReportReporter -->
<testsuite hostname="DESKTOP-F7T99EU" failures="0" tests="9" name="swagLabProject.myTestCases" time="27.035" errors="0" timestamp="2023-12-26T16:41:56 EET" skipped="5">
  <testcase classname="swagLabProject.myTestCases" name="LoginTest" time="2.264"/>
  <system-out/>
  <testcase classname="swagLabProject.myTestCases" name="AddTwoSpesificItem" time="3.209"/>
  <system-out/>
  <testcase classname="swagLabProject.myTestCases" name="OpenCartAndCheckOut" time="16.493"/>
  <system-out/>
  <testcase classname="swagLabProject.myTestCases" name="BackHome" time="5.069"/>
  <system-out/>
  <testcase classname="swagLabProject.myTestCases" name="AddAllItems">
    <skipped/>
  </testcase> <!-- AddAllItems -->
  <system-out/>
  <testcase classname="swagLabProject.myTestCases" name="SortingZtoA">
    <skipped/>
  </testcase> <!-- SortingZtoA -->
  <system-out/>
  <testcase classname="swagLabProject.myTestCases" name="checkThePrices">
    <skipped/>
  </testcase> <!-- checkThePrices -->
  <system-out/>
  <testcase classname="swagLabProject.myTestCases" name="RemoveFromYourCartPage">
    <skipped/>
  </testcase> <!-- RemoveFromYourCartPage -->
  <system-out/>
  <testcase classname="swagLabProject.myTestCases" name="RemoveTwoRandomItem">
    <skipped/>
  </testcase> <!-- RemoveTwoRandomItem -->
  <system-out/>
</testsuite> <!-- swagLabProject.myTestCases -->
